2020-04-11 8:16:26 - PHP Warning:  Invalid argument supplied for foreach() in /home/mrbrett/public_html/system/library/msorderdata.php on line 284
2020-04-11 8:16:26 - PHP Warning:  Invalid argument supplied for foreach() in /home/mrbrett/public_html/admin/controller/module/multimerch.php on line 545
2020-04-11 8:16:26 - PHP Warning:  Invalid argument supplied for foreach() in /home/mrbrett/public_html/system/library/mssuborderstatus.php on line 189
2020-04-11 8:16:26 - PHP Warning:  Invalid argument supplied for foreach() in /home/mrbrett/public_html/admin/controller/module/multimerch.php on line 556
2020-04-11 8:16:26 - PHP Notice:  Undefined variable: oc_order_states in /home/mrbrett/public_html/admin/view/template/multimerch/settings.tpl on line 522
2020-04-11 8:16:26 - PHP Warning:  Invalid argument supplied for foreach() in /home/mrbrett/public_html/admin/view/template/multimerch/settings.tpl on line 522
2020-04-11 8:16:26 - PHP Notice:  Undefined variable: oc_order_states in /home/mrbrett/public_html/admin/view/template/multimerch/settings.tpl on line 522
2020-04-11 8:16:26 - PHP Warning:  Invalid argument supplied for foreach() in /home/mrbrett/public_html/admin/view/template/multimerch/settings.tpl on line 522
2020-04-11 8:16:26 - PHP Notice:  Undefined variable: oc_order_states in /home/mrbrett/public_html/admin/view/template/multimerch/settings.tpl on line 522
2020-04-11 8:16:26 - PHP Warning:  Invalid argument supplied for foreach() in /home/mrbrett/public_html/admin/view/template/multimerch/settings.tpl on line 522
2020-04-11 8:16:26 - PHP Notice:  Undefined variable: ms_suborder_states in /home/mrbrett/public_html/admin/view/template/multimerch/settings.tpl on line 546
2020-04-11 8:16:26 - PHP Warning:  Invalid argument supplied for foreach() in /home/mrbrett/public_html/admin/view/template/multimerch/settings.tpl on line 546
2020-04-11 8:16:26 - PHP Notice:  Undefined variable: ms_suborder_states in /home/mrbrett/public_html/admin/view/template/multimerch/settings.tpl on line 546
2020-04-11 8:16:26 - PHP Warning:  Invalid argument supplied for foreach() in /home/mrbrett/public_html/admin/view/template/multimerch/settings.tpl on line 546
2020-04-11 8:16:26 - PHP Notice:  Undefined variable: ms_suborder_states in /home/mrbrett/public_html/admin/view/template/multimerch/settings.tpl on line 546
2020-04-11 8:16:26 - PHP Warning:  Invalid argument supplied for foreach() in /home/mrbrett/public_html/admin/view/template/multimerch/settings.tpl on line 546
2020-04-11 8:33:36 - PHP Notice:  Undefined index: token in /home/mrbrett/public_html/vqmod/vqcache/vq2-admin_view_template_common_header.tpl on line 52
2020-04-11 8:33:36 - PHP Notice:  Undefined index: token in /home/mrbrett/public_html/vqmod/vqcache/vq2-admin_view_template_common_header.tpl on line 52
2020-04-11 8:33:36 - PHP Notice:  Undefined index: token in /home/mrbrett/public_html/vqmod/vqcache/vq2-admin_view_template_common_header.tpl on line 52
2020-04-11 8:44:05 - PHP Notice:  Undefined index: token in /home/mrbrett/public_html/vqmod/vqcache/vq2-admin_view_template_common_header.tpl on line 52
2020-04-11 8:44:12 - PHP Notice:  Undefined index: token in /home/mrbrett/public_html/vqmod/vqcache/vq2-admin_view_template_common_header.tpl on line 52
2020-04-11 8:44:14 - PHP Notice:  Undefined index: token in /home/mrbrett/public_html/vqmod/vqcache/vq2-admin_view_template_common_header.tpl on line 52
2020-04-11 8:44:15 - PHP Notice:  Undefined index: token in /home/mrbrett/public_html/vqmod/vqcache/vq2-admin_view_template_common_header.tpl on line 52
2020-04-11 8:44:16 - PHP Notice:  Undefined index: token in /home/mrbrett/public_html/vqmod/vqcache/vq2-admin_view_template_common_header.tpl on line 52
2020-04-11 8:44:24 - PHP Notice:  Undefined index: token in /home/mrbrett/public_html/vqmod/vqcache/vq2-admin_view_template_common_header.tpl on line 52
2020-04-11 8:44:29 - PHP Notice:  Undefined index: token in /home/mrbrett/public_html/vqmod/vqcache/vq2-admin_view_template_common_header.tpl on line 52
2020-04-11 8:46:31 - PHP Notice:  Undefined index: token in /home/mrbrett/public_html/vqmod/vqcache/vq2-admin_view_template_common_header.tpl on line 52
2020-04-11 8:46:39 - PHP Notice:  Undefined index: token in /home/mrbrett/public_html/vqmod/vqcache/vq2-admin_view_template_common_header.tpl on line 52
2020-04-11 8:46:46 - PHP Notice:  Undefined index: token in /home/mrbrett/public_html/vqmod/vqcache/vq2-admin_view_template_common_header.tpl on line 52
2020-04-11 8:57:29 - PHP Notice:  Undefined index: token in /home/mrbrett/public_html/vqmod/vqcache/vq2-admin_view_template_common_header.tpl on line 52
2020-04-11 9:00:15 - PHP Notice:  Undefined index: token in /home/mrbrett/public_html/vqmod/vqcache/vq2-admin_view_template_common_header.tpl on line 52
2020-04-11 9:00:36 - PHP Notice:  Undefined index: token in /home/mrbrett/public_html/vqmod/vqcache/vq2-admin_view_template_common_header.tpl on line 52
2020-04-11 9:01:04 - PHP Notice:  Undefined index: token in /home/mrbrett/public_html/vqmod/vqcache/vq2-admin_view_template_common_header.tpl on line 52
2020-04-11 9:01:10 - PHP Notice:  Undefined index: token in /home/mrbrett/public_html/vqmod/vqcache/vq2-admin_view_template_common_header.tpl on line 52
2020-04-11 9:01:16 - PHP Notice:  Undefined index: token in /home/mrbrett/public_html/vqmod/vqcache/vq2-admin_view_template_common_header.tpl on line 52
2020-04-11 9:58:30 - PHP Notice:  Undefined index: token in /home/mrbrett/public_html/vqmod/vqcache/vq2-admin_view_template_common_header.tpl on line 52
2020-04-11 9:58:35 - PHP Notice:  Undefined index: token in /home/mrbrett/public_html/vqmod/vqcache/vq2-admin_view_template_common_header.tpl on line 52
2020-04-11 9:58:41 - PHP Notice:  Undefined index: token in /home/mrbrett/public_html/vqmod/vqcache/vq2-admin_view_template_common_header.tpl on line 52
